  autoEnemySet.cpp
  baseObject.cpp
  baseScene.cpp
  baseWindow.cpp
  Battle.cpp
  battleScene.cpp
  battleWindow.cpp
  enemyObject.cpp
  main.cpp
  image.cpp
  playerObject.cpp
  resultScene.cpp
  Status.cpp
  titleScene.cpp
  コード生成しています。
  311 of 381 functions (81.6%) were compiled, the rest were copied from previous compilation.
    142 functions were new in current compilation
    9 functions had inline decision re-evaluated but remain unchanged
  コード生成が終了しました。
  mugenSentou.vcxproj -> C:\ss\C++\backup\mugenSentou\x64\Release\mugenSentou.exe
