c:\ss\c++\backup\mugensentou\mugensentou\x64\release\vc143.pdb
c:\ss\c++\backup\mugensentou\mugensentou\x64\release\titlescene.obj
c:\ss\c++\backup\mugensentou\mugensentou\x64\release\status.obj
c:\ss\c++\backup\mugensentou\mugensentou\x64\release\resultscene.obj
c:\ss\c++\backup\mugensentou\mugensentou\x64\release\playerobject.obj
c:\ss\c++\backup\mugensentou\mugensentou\x64\release\vector3.obj
c:\ss\c++\backup\mugensentou\mugensentou\x64\release\vector2.obj
c:\ss\c++\backup\mugensentou\mugensentou\x64\release\mslib.obj
c:\ss\c++\backup\mugensentou\mugensentou\x64\release\xorshift32.obj
c:\ss\c++\backup\mugensentou\mugensentou\x64\release\key.obj
c:\ss\c++\backup\mugensentou\mugensentou\x64\release\image.obj
c:\ss\c++\backup\mugensentou\mugensentou\x64\release\debuglog.obj
c:\ss\c++\backup\mugensentou\mugensentou\x64\release\convertrgbtohsv.obj
c:\ss\c++\backup\mugensentou\mugensentou\x64\release\main.obj
c:\ss\c++\backup\mugensentou\mugensentou\x64\release\enemyobject.obj
c:\ss\c++\backup\mugensentou\mugensentou\x64\release\battlewindow.obj
c:\ss\c++\backup\mugensentou\mugensentou\x64\release\battlescene.obj
c:\ss\c++\backup\mugensentou\mugensentou\x64\release\battle.obj
c:\ss\c++\backup\mugensentou\mugensentou\x64\release\basewindow.obj
c:\ss\c++\backup\mugensentou\mugensentou\x64\release\basescene.obj
c:\ss\c++\backup\mugensentou\mugensentou\x64\release\baseobject.obj
c:\ss\c++\backup\mugensentou\x64\release\mugensentou.exe
c:\ss\c++\backup\mugensentou\mugensentou\x64\release\mugensentou.ipdb
c:\ss\c++\backup\mugensentou\x64\release\mugensentou.pdb
c:\ss\c++\backup\mugensentou\mugensentou\x64\release\mugensentou.iobj
c:\ss\c++\backup\mugensentou\mugensentou\x64\release\mugensentou.tlog\cl.command.1.tlog
c:\ss\c++\backup\mugensentou\mugensentou\x64\release\mugensentou.tlog\cl.items.tlog
c:\ss\c++\backup\mugensentou\mugensentou\x64\release\mugensentou.tlog\cl.read.1.tlog
c:\ss\c++\backup\mugensentou\mugensentou\x64\release\mugensentou.tlog\cl.write.1.tlog
c:\ss\c++\backup\mugensentou\mugensentou\x64\release\mugensentou.tlog\link.command.1.tlog
c:\ss\c++\backup\mugensentou\mugensentou\x64\release\mugensentou.tlog\link.read.1.tlog
c:\ss\c++\backup\mugensentou\mugensentou\x64\release\mugensentou.tlog\link.write.1.tlog
