c:\ss\c++\backup\mugensentou\mugensentou\x64\debug\vc143.pdb
c:\ss\c++\backup\mugensentou\mugensentou\x64\debug\vc143.idb
c:\ss\c++\backup\mugensentou\mugensentou\x64\debug\status.obj
c:\ss\c++\backup\mugensentou\mugensentou\x64\debug\resultscene.obj
c:\ss\c++\backup\mugensentou\mugensentou\x64\debug\playerobject.obj
c:\ss\c++\backup\mugensentou\mugensentou\x64\debug\vector3.obj
c:\ss\c++\backup\mugensentou\mugensentou\x64\debug\vector2.obj
c:\ss\c++\backup\mugensentou\mugensentou\x64\debug\mslib.obj
c:\ss\c++\backup\mugensentou\mugensentou\x64\debug\xorshift32.obj
c:\ss\c++\backup\mugensentou\mugensentou\x64\debug\key.obj
c:\ss\c++\backup\mugensentou\mugensentou\x64\debug\image.obj
c:\ss\c++\backup\mugensentou\mugensentou\x64\debug\debuglog.obj
c:\ss\c++\backup\mugensentou\mugensentou\x64\debug\convertrgbtohsv.obj
c:\ss\c++\backup\mugensentou\mugensentou\x64\debug\main.obj
c:\ss\c++\backup\mugensentou\mugensentou\x64\debug\enemyobject.obj
c:\ss\c++\backup\mugensentou\mugensentou\x64\debug\battlewindow.obj
c:\ss\c++\backup\mugensentou\mugensentou\x64\debug\battlescene.obj
c:\ss\c++\backup\mugensentou\mugensentou\x64\debug\battle.obj
c:\ss\c++\backup\mugensentou\mugensentou\x64\debug\basewindow.obj
c:\ss\c++\backup\mugensentou\mugensentou\x64\debug\basescene.obj
c:\ss\c++\backup\mugensentou\mugensentou\x64\debug\baseobject.obj
c:\ss\c++\backup\mugensentou\mugensentou\x64\debug\autoenemyset.obj
c:\ss\c++\backup\mugensentou\mugensentou\x64\debug\titlescene.obj
c:\ss\c++\backup\mugensentou\x64\debug\mugensentou.exe
c:\ss\c++\backup\mugensentou\mugensentou\x64\debug\mugensentou.ilk
c:\ss\c++\backup\mugensentou\x64\debug\mugensentou.pdb
c:\ss\c++\backup\mugensentou\mugensentou\x64\debug\mugensentou.tlog\cl.command.1.tlog
c:\ss\c++\backup\mugensentou\mugensentou\x64\debug\mugensentou.tlog\cl.items.tlog
c:\ss\c++\backup\mugensentou\mugensentou\x64\debug\mugensentou.tlog\cl.read.1.tlog
c:\ss\c++\backup\mugensentou\mugensentou\x64\debug\mugensentou.tlog\cl.write.1.tlog
c:\ss\c++\backup\mugensentou\mugensentou\x64\debug\mugensentou.tlog\link.command.1.tlog
c:\ss\c++\backup\mugensentou\mugensentou\x64\debug\mugensentou.tlog\link.read.1.tlog
c:\ss\c++\backup\mugensentou\mugensentou\x64\debug\mugensentou.tlog\link.write.1.tlog
