  battleScene.cpp
C:\ss\C++\cgr\mugenSentou\mugenSentou\battleScene.h(73,19): warning C4244: '引数': 'float' から 'int' への変換です。データが失われる可能性があります。
C:\ss\C++\cgr\mugenSentou\mugenSentou\battleScene.h(73,10): warning C4244: '引数': 'float' から 'int' への変換です。データが失われる可能性があります。
C:\ss\C++\cgr\mugenSentou\mugenSentou\battleScene.h(72,19): warning C4244: '引数': 'float' から 'int' への変換です。データが失われる可能性があります。
C:\ss\C++\cgr\mugenSentou\mugenSentou\battleScene.h(72,10): warning C4244: '引数': 'float' から 'int' への変換です。データが失われる可能性があります。
C:\ss\C++\cgr\mugenSentou\mugenSentou\battleScene.h(71,31): warning C4244: '引数': 'float' から 'int' への変換です。データが失われる可能性があります。
C:\ss\C++\cgr\mugenSentou\mugenSentou\battleScene.h(71,22): warning C4244: '引数': 'float' から 'int' への変換です。データが失われる可能性があります。
C:\ss\C++\cgr\mugenSentou\mugenSentou\battleScene.cpp(148,34): warning C4244: '-=': 'double' から 'float' への変換です。データが失われる可能性があります。
C:\ss\C++\cgr\mugenSentou\mugenSentou\battleScene.cpp(173,74): warning C4244: '引数': 'double' から 'float' への変換です。データが失われる可能性があります。
C:\ss\C++\cgr\mugenSentou\mugenSentou\battleScene.cpp(173,30): warning C4244: '引数': 'double' から 'float' への変換です。データが失われる可能性があります。
C:\ss\C++\cgr\mugenSentou\mugenSentou\battleScene.cpp(197,38): warning C4244: '引数': 'float' から 'int' への変換です。データが失われる可能性があります。
C:\ss\C++\cgr\mugenSentou\mugenSentou\battleScene.cpp(197,30): warning C4244: '引数': 'float' から 'int' への変換です。データが失われる可能性があります。
C:\ss\C++\cgr\mugenSentou\mugenSentou\battleScene.cpp(197,22): warning C4244: '引数': 'float' から 'int' への変換です。データが失われる可能性があります。
C:\ss\C++\cgr\mugenSentou\mugenSentou\battleScene.cpp(197,14): warning C4244: '引数': 'float' から 'int' への変換です。データが失われる可能性があります。
C:\ss\C++\cgr\mugenSentou\mugenSentou\battleScene.cpp(198,46): warning C4244: '引数': 'float' から 'int' への変換です。データが失われる可能性があります。
C:\ss\C++\cgr\mugenSentou\mugenSentou\battleScene.cpp(198,33): warning C4244: '引数': 'float' から 'int' への変換です。データが失われる可能性があります。
C:\ss\C++\cgr\mugenSentou\mugenSentou\battleScene.cpp(198,22): warning C4244: '引数': 'float' から 'int' への変換です。データが失われる可能性があります。
C:\ss\C++\cgr\mugenSentou\mugenSentou\battleScene.cpp(198,14): warning C4244: '引数': 'float' から 'int' への変換です。データが失われる可能性があります。
C:\ss\C++\cgr\mugenSentou\mugenSentou\battleScene.cpp(234,97): warning C4244: '引数': 'unsigned __int64' から 'float' への変換です。データが失われる可能性があります。
C:\ss\C++\cgr\mugenSentou\mugenSentou\battleScene.cpp(234,33): warning C4244: '引数': 'int' から 'float' への変換です。データが失われる可能性があります。
  mugenSentou.vcxproj -> C:\ss\C++\cgr\mugenSentou\x64\Debug\mugenSentou.exe
